<?xml version="1.0" encoding="UTF-8"?>
<testsuite xmlns:xsi="http://www.w3.org/2001/XMLSchema-instance" xsi:noNamespaceSchemaLocation="https://maven.apache.org/surefire/maven-surefire-plugin/xsd/surefire-test-report.xsd" version="3.0.2" name="org.example.laboratoryappointment.User.UserTest" time="4.266" tests="1" errors="1" skipped="0" failures="0">
  <properties>
[...]
</properties>
  <testcase name="addAppointment4" classname="org.example.laboratoryappointment.User.UserTest" time="0.906">
    <error message="Failed to execute InsertRoot{entity=Appointment(id=1320400317493932032, course={&quot;id&quot;:&quot;2&quot;,&quot;name&quot;:&quot;Math&quot;}, teacher={&quot;id&quot;:&quot;2&quot;,&quot;name&quot;:&quot;Saber&quot;}, classroom={&quot;id&quot;:&quot;2&quot;,&quot;name&quot;:&quot;Saber&quot;}, week=3, dayofweek=5, section=3), idValueSource=PROVIDED}" type="org.springframework.data.relational.core.conversion.DbActionExecutionException"><![CDATA[org.springframework.data.relational.core.conversion.DbActionExecutionException: Failed to execute InsertRoot{entity=Appointment(id=1320400317493932032, course={"id":"2","name":"Math"}, teacher={"id":"2","name":"Saber"}, classroom={"id":"2","name":"Saber"}, week=3, dayofweek=5, section=3), idValueSource=PROVIDED}
	at org.springframework.data.jdbc.core.AggregateChangeExecutor.execute(AggregateChangeExecutor.java:118)
	at org.springframework.data.jdbc.core.AggregateChangeExecutor.lambda$executeSave$0(AggregateChangeExecutor.java:61)
	at java.base/java.util.ArrayList.forEach(ArrayList.java:1596)
	at org.springframework.data.relational.core.conversion.SaveBatchingAggregateChange.forEachAction(SaveBatchingAggregateChange.java:68)
	at org.springframework.data.jdbc.core.AggregateChangeExecutor.executeSave(AggregateChangeExecutor.java:61)
	at org.springframework.data.jdbc.core.JdbcAggregateTemplate.performSave(JdbcAggregateTemplate.java:505)
	at org.springframework.data.jdbc.core.JdbcAggregateTemplate.save(JdbcAggregateTemplate.java:171)
	at org.springframework.data.jdbc.repository.support.SimpleJdbcRepository.save(SimpleJdbcRepository.java:69)
	at java.base/jdk.internal.reflect.DirectMethodHandleAccessor.invoke(DirectMethodHandleAccessor.java:103)
	at java.base/java.lang.reflect.Method.invoke(Method.java:580)
	at org.springframework.aop.support.AopUtils.invokeJoinpointUsingReflection(AopUtils.java:359)
	at org.springframework.data.repository.core.support.RepositoryMethodInvoker$RepositoryFragmentMethodInvoker.lambda$new$0(RepositoryMethodInvoker.java:277)
	at org.springframework.data.repository.core.support.RepositoryMethodInvoker.doInvoke(RepositoryMethodInvoker.java:170)
	at org.springframework.data.repository.core.support.RepositoryMethodInvoker.invoke(RepositoryMethodInvoker.java:158)
	at org.springframework.data.repository.core.support.RepositoryComposition$RepositoryFragments.invoke(RepositoryComposition.java:515)
	at org.springframework.data.repository.core.support.RepositoryComposition.invoke(RepositoryComposition.java:284)
	at org.springframework.data.repository.core.support.RepositoryFactorySupport$ImplementationMethodExecutionInterceptor.invoke(RepositoryFactorySupport.java:752)
	at org.springframework.aop.framework.ReflectiveMethodInvocation.proceed(ReflectiveMethodInvocation.java:184)
	at org.springframework.data.repository.core.support.QueryExecutorMethodInterceptor.doInvoke(QueryExecutorMethodInterceptor.java:174)
	at org.springframework.data.repository.core.support.QueryExecutorMethodInterceptor.invoke(QueryExecutorMethodInterceptor.java:149)
	at org.springframework.aop.framework.ReflectiveMethodInvocation.proceed(ReflectiveMethodInvocation.java:184)
	at org.springframework.transaction.interceptor.TransactionAspectSupport.invokeWithinTransaction(TransactionAspectSupport.java:380)
	at org.springframework.transaction.interceptor.TransactionInterceptor.invoke(TransactionInterceptor.java:119)
	at org.springframework.aop.framework.ReflectiveMethodInvocation.proceed(ReflectiveMethodInvocation.java:184)
	at org.springframework.dao.support.PersistenceExceptionTranslationInterceptor.invoke(PersistenceExceptionTranslationInterceptor.java:138)
	at org.springframework.aop.framework.ReflectiveMethodInvocation.proceed(ReflectiveMethodInvocation.java:184)
	at org.springframework.aop.framework.JdkDynamicAopProxy.invoke(JdkDynamicAopProxy.java:223)
	at jdk.proxy2/jdk.proxy2.$Proxy96.save(Unknown Source)
	at java.base/jdk.internal.reflect.DirectMethodHandleAccessor.invoke(DirectMethodHandleAccessor.java:103)
	at java.base/java.lang.reflect.Method.invoke(Method.java:580)
	at org.springframework.aop.support.AopUtils.invokeJoinpointUsingReflection(AopUtils.java:359)
	at org.springframework.aop.framework.ReflectiveMethodInvocation.invokeJoinpoint(ReflectiveMethodInvocation.java:196)
	at org.springframework.aop.framework.ReflectiveMethodInvocation.proceed(ReflectiveMethodInvocation.java:163)
	at org.springframework.dao.support.PersistenceExceptionTranslationInterceptor.invoke(PersistenceExceptionTranslationInterceptor.java:138)
	at org.springframework.aop.framework.ReflectiveMethodInvocation.proceed(ReflectiveMethodInvocation.java:184)
	at org.springframework.aop.framework.JdkDynamicAopProxy.invoke(JdkDynamicAopProxy.java:223)
	at jdk.proxy2/jdk.proxy2.$Proxy96.save(Unknown Source)
	at org.example.laboratoryappointment.User.UserTest.addAppointment4(UserTest.java:101)
	at java.base/java.lang.reflect.Method.invoke(Method.java:580)
	at java.base/java.util.ArrayList.forEach(ArrayList.java:1596)
	at java.base/java.util.ArrayList.forEach(ArrayList.java:1596)
Caused by: org.springframework.dao.DuplicateKeyException: PreparedStatementCallback; SQL [INSERT INTO `appointment` (`classroom`, `course`, `dayofweek`, `id`, `section`, `teacher`, `week`) VALUES (?, ?, ?, ?, ?, ?, ?)]; Duplicate entry '2-3-5-3' for key 'appointment.functional_index'
	at org.springframework.jdbc.support.SQLExceptionSubclassTranslator.doTranslate(SQLExceptionSubclassTranslator.java:95)
	at org.springframework.jdbc.support.AbstractFallbackSQLExceptionTranslator.translate(AbstractFallbackSQLExceptionTranslator.java:107)
	at org.springframework.jdbc.core.JdbcTemplate.translateException(JdbcTemplate.java:1556)
	at org.springframework.jdbc.core.JdbcTemplate.execute(JdbcTemplate.java:677)
	at org.springframework.jdbc.core.JdbcTemplate.update(JdbcTemplate.java:972)
	at org.springframework.jdbc.core.JdbcTemplate.update(JdbcTemplate.java:993)
	at org.springframework.jdbc.core.namedparam.NamedParameterJdbcTemplate.update(NamedParameterJdbcTemplate.java:337)
	at org.springframework.data.jdbc.core.convert.InsertStrategyFactory$DefaultInsertStrategy.execute(InsertStrategyFactory.java:84)
	at org.springframework.data.jdbc.core.convert.DefaultDataAccessStrategy.insert(DefaultDataAccessStrategy.java:110)
	at org.springframework.data.jdbc.core.JdbcAggregateChangeExecutionContext.executeInsertRoot(JdbcAggregateChangeExecutionContext.java:75)
	at org.springframework.data.jdbc.core.AggregateChangeExecutor.execute(AggregateChangeExecutor.java:85)
	... 40 more
Caused by: java.sql.SQLIntegrityConstraintViolationException: Duplicate entry '2-3-5-3' for key 'appointment.functional_index'
	at com.mysql.cj.jdbc.exceptions.SQLError.createSQLException(SQLError.java:109)
	at com.mysql.cj.jdbc.exceptions.SQLExceptionsMapping.translateException(SQLExceptionsMapping.java:114)
	at com.mysql.cj.jdbc.ClientPreparedStatement.executeInternal(ClientPreparedStatement.java:988)
	at com.mysql.cj.jdbc.ClientPreparedStatement.executeUpdateInternal(ClientPreparedStatement.java:1166)
	at com.mysql.cj.jdbc.ClientPreparedStatement.executeUpdateInternal(ClientPreparedStatement.java:1101)
	at com.mysql.cj.jdbc.ClientPreparedStatement.executeLargeUpdate(ClientPreparedStatement.java:1467)
	at com.mysql.cj.jdbc.ClientPreparedStatement.executeUpdate(ClientPreparedStatement.java:1084)
	at com.zaxxer.hikari.pool.ProxyPreparedStatement.executeUpdate(ProxyPreparedStatement.java:61)
	at com.zaxxer.hikari.pool.HikariProxyPreparedStatement.executeUpdate(HikariProxyPreparedStatement.java)
	at org.springframework.jdbc.core.JdbcTemplate.lambda$update$2(JdbcTemplate.java:977)
	at org.springframework.jdbc.core.JdbcTemplate.execute(JdbcTemplate.java:658)
	... 47 more
]]></error>
    <system-out><![CDATA[22:39:23.752 [main] INFO org.springframework.test.context.support.AnnotationConfigContextLoaderUtils -- Could not detect default configuration classes for test class [org.example.laboratoryappointment.User.UserTest]: UserTest does not declare any static, non-private, non-final, nested classes annotated with @Configuration.
22:39:23.856 [main] INFO org.springframework.boot.test.context.SpringBootTestContextBootstrapper -- Found @SpringBootConfiguration org.example.laboratoryappointment.LaboratoryAppointmentApplication for test class org.example.laboratoryappointment.User.UserTest

  .   ____          _            __ _ _
 /\\ / ___'_ __ _ _(_)_ __  __ _ \ \ \ \
( ( )\___ | '_ | '_| | '_ \/ _` | \ \ \ \
 \\/  ___)| |_)| | | | | || (_| |  ) ) ) )
  '  |____| .__|_| |_|_| |_\__, | / / / /
 =========|_|==============|___/=/_/_/_/

 :: Spring Boot ::                (v3.4.0)

INFO  org.springframework.boot.StartupInfoLogger.logStarting[53] - Starting UserTest using Java 21.0.4 with PID 3844 (started by DELL in D:\Web\LaboratoryAppointment)
DEBUG org.springframework.boot.StartupInfoLogger.logStarting[54] - Running with Spring Boot v3.4.0, Spring v6.2.0
INFO  org.springframework.boot.SpringApplication.logStartupProfileInfo[652] - No active profile set, falling back to 1 default profile: "default"
INFO  org.springframework.boot.StartupInfoLogger.logStarted[59] - Started UserTest in 2.799 seconds (process running for 3.549)
]]></system-out>
    <system-err><![CDATA[Mockito is currently self-attaching to enable the inline-mock-maker. This will no longer work in future releases of the JDK. Please add Mockito as an agent to your build what is described in Mockito's documentation: https://javadoc.io/doc/org.mockito/mockito-core/latest/org/mockito/Mockito.html#0.3
WARNING: A Java agent has been loaded dynamically (D:\Repository\net\bytebuddy\byte-buddy-agent\1.15.10\byte-buddy-agent-1.15.10.jar)
WARNING: If a serviceability tool is in use, please run with -XX:+EnableDynamicAgentLoading to hide this warning
WARNING: If a serviceability tool is not in use, please run with -Djdk.instrument.traceUsage for more information
WARNING: Dynamic loading of agents will be disallowed by default in a future release
]]></system-err>
  </testcase>
</testsuite>